<?xml version="1.0" encoding="UTF-8"?>
<testsuite name="demo.AppTest" tests="1" skipped="0" failures="0" errors="0" timestamp="2020-01-23T06:31:44" hostname="DESKTOP-1LKBK87" time="0.002">
  <properties/>
  <testcase name="testAppHasAGreeting" classname="demo.AppTest" time="0.002"/>
  <system-out><![CDATA[]]></system-out>
  <system-err><![CDATA[]]></system-err>
</testsuite>
